<?xml version="1.0" encoding="UTF-8"?>
<!-- Generated by org.testng.reporters.JUnitReportReporter -->
<testsuite skipped="0" hostname="DESKTOP-S26UR3L" name="com.test.assignment.SuggestionTest" tests="3" failures="0" timestamp="2021-06-03T20:10:52 EEST" time="1.175" errors="0">
  <testcase name="suggestionTest" time="0.209" classname="com.test.assignment.SuggestionTest"/>
  <system-out/>
  <testcase name="suggestionTest" time="0.775" classname="com.test.assignment.SuggestionTest"/>
  <system-out/>
  <testcase name="suggestionTest" time="0.191" classname="com.test.assignment.SuggestionTest"/>
  <system-out/>
</testsuite> <!-- com.test.assignment.SuggestionTest -->
