<?xml version="1.0" encoding="UTF-8"?>
<!-- Generated by org.testng.reporters.JUnitReportReporter -->
<testsuite skipped="0" hostname="DESKTOP-S26UR3L" name="com.test.assignment.RestClient" tests="1" failures="0" timestamp="2021-06-03T17:59:24 EEST" time="0.679" errors="1">
  <testcase name="test" time="0.679" classname="com.test.assignment.RestClient">
    <error type="javax.ws.rs.client.ResponseProcessingException" message="org.glassfish.jersey.message.internal.MessageBodyProviderNotFoundException: MessageBodyReader not found for media type=application/json;charset=UTF-8, type=class com.serializable.objects.SearchSuggestions, genericType=class com.serializable.objects.SearchSuggestions.">
      <![CDATA[javax.ws.rs.client.ResponseProcessingException: org.glassfish.jersey.message.internal.MessageBodyProviderNotFoundException: MessageBodyReader not found for media type=application/json;charset=UTF-8, type=class com.serializable.objects.SearchSuggestions, genericType=class com.serializable.objects.SearchSuggestions.
at org.glassfish.jersey.client.JerseyInvocation.translate(JerseyInvocation.java:811)
at org.glassfish.jersey.client.JerseyInvocation.access$700(JerseyInvocation.java:92)
at org.glassfish.jersey.client.JerseyInvocation$2.call(JerseyInvocation.java:701)
at org.glassfish.jersey.internal.Errors.process(Errors.java:315)
at org.glassfish.jersey.internal.Errors.process(Errors.java:297)
at org.glassfish.jersey.internal.Errors.process(Errors.java:228)
at org.glassfish.jersey.process.internal.RequestScope.runInScope(RequestScope.java:444)
at org.glassfish.jersey.client.JerseyInvocation.invoke(JerseyInvocation.java:697)
at org.glassfish.jersey.client.JerseyInvocation$Builder.method(JerseyInvocation.java:420)
at org.glassfish.jersey.client.JerseyInvocation$Builder.get(JerseyInvocation.java:316)
at com.test.assignment.RestClient.getSearchSuggestionsJson(RestClient.java:19)
at com.test.assignment.RestClient.test(RestClient.java:24)
at sun.reflect.NativeMethodAccessorImpl.invoke0(Native Method)
at sun.reflect.NativeMethodAccessorImpl.invoke(Unknown Source)
at sun.reflect.DelegatingMethodAccessorImpl.invoke(Unknown Source)
at java.lang.reflect.Method.invoke(Unknown Source)
at org.testng.internal.MethodInvocationHelper.invokeMethod(MethodInvocationHelper.java:132)
at org.testng.internal.TestInvoker.invokeMethod(TestInvoker.java:599)
at org.testng.internal.TestInvoker.invokeTestMethod(TestInvoker.java:174)
at org.testng.internal.MethodRunner.runInSequence(MethodRunner.java:46)
at org.testng.internal.TestInvoker$MethodInvocationAgent.invoke(TestInvoker.java:822)
at org.testng.internal.TestInvoker.invokeTestMethods(TestInvoker.java:147)
at org.testng.internal.TestMethodWorker.invokeTestMethods(TestMethodWorker.java:146)
at org.testng.internal.TestMethodWorker.run(TestMethodWorker.java:128)
at java.util.ArrayList.forEach(Unknown Source)
at org.testng.TestRunner.privateRun(TestRunner.java:764)
at org.testng.TestRunner.run(TestRunner.java:585)
at org.testng.SuiteRunner.runTest(SuiteRunner.java:384)
at org.testng.SuiteRunner.runSequentially(SuiteRunner.java:378)
at org.testng.SuiteRunner.privateRun(SuiteRunner.java:337)
at org.testng.SuiteRunner.run(SuiteRunner.java:286)
at org.testng.SuiteRunnerWorker.runSuite(SuiteRunnerWorker.java:53)
at org.testng.SuiteRunnerWorker.run(SuiteRunnerWorker.java:96)
at org.testng.TestNG.runSuitesSequentially(TestNG.java:1218)
at org.testng.TestNG.runSuitesLocally(TestNG.java:1140)
at org.testng.TestNG.runSuites(TestNG.java:1069)
at org.testng.TestNG.run(TestNG.java:1037)
at org.testng.remote.AbstractRemoteTestNG.run(AbstractRemoteTestNG.java:115)
at org.testng.remote.RemoteTestNG.initAndRun(RemoteTestNG.java:251)
at org.testng.remote.RemoteTestNG.main(RemoteTestNG.java:77)
Caused by: org.glassfish.jersey.message.internal.MessageBodyProviderNotFoundException: MessageBodyReader not found for media type=application/json;charset=UTF-8, type=class com.serializable.objects.SearchSuggestions, genericType=class com.serializable.objects.SearchSuggestions.
at org.glassfish.jersey.message.internal.ReaderInterceptorExecutor$TerminalReaderInterceptor.aroundReadFrom(ReaderInterceptorExecutor.java:231)
at org.glassfish.jersey.message.internal.ReaderInterceptorExecutor.proceed(ReaderInterceptorExecutor.java:155)
at org.glassfish.jersey.message.internal.MessageBodyFactory.readFrom(MessageBodyFactory.java:1085)
at org.glassfish.jersey.message.internal.InboundMessageContext.readEntity(InboundMessageContext.java:874)
at org.glassfish.jersey.message.internal.InboundMessageContext.readEntity(InboundMessageContext.java:808)
at org.glassfish.jersey.client.ClientResponse.readEntity(ClientResponse.java:326)
at org.glassfish.jersey.client.JerseyInvocation.translate(JerseyInvocation.java:806)
... 39 more
]]>
    </error>
  </testcase> <!-- test -->
  <system-out/>
</testsuite> <!-- com.test.assignment.RestClient -->
